c:\users\flori\desktop\ar\exercise_01\ar_t1\ar_t1\x64\debug\vc143.pdb
c:\users\flori\desktop\ar\exercise_01\ar_t1\ar_t1\x64\debug\vc143.idb
c:\users\flori\desktop\ar\exercise_01\ar_t1\ar_t1\x64\debug\exercise-2.obj
c:\users\flori\desktop\ar\exercise_01\ar_t1\ar_t1\x64\debug\exercise-1.obj
c:\users\flori\desktop\ar\exercise_01\ar_t1\ar_t1\x64\debug\template_s3_sobel.obj
c:\users\flori\desktop\ar\exercise_01\ar_t1\ar_t1\x64\debug\template_s4_cramer.obj
c:\users\flori\desktop\ar\exercise_01\ar_t1\ar_t1\x64\debug\exercise-5.obj
c:\users\flori\desktop\ar\exercise_01\kingdom_of_colors\ar_t1\x64\debug\vc143.pdb
c:\users\flori\desktop\ar\exercise_01\kingdom_of_colors\ar_t1\x64\debug\vc143.idb
c:\users\flori\desktop\ar\exercise_01\kingdom_of_colors\ar_t1\x64\debug\markertracker.obj
c:\users\flori\desktop\ar\exercise_01\ar_t1\x64\debug\exercise01.exe
c:\users\flori\desktop\ar\exercise_01\ar_t1\ar_t1\x64\debug\exercise01.ilk
c:\users\flori\desktop\ar\exercise_01\ar_t1\x64\debug\exercise01.pdb
c:\users\flori\desktop\ar\exercise_01\kingdom_of_colors\ar_t1\x64\debug\exercise01.ilk
c:\users\flori\desktop\ar\exercise_01\kingdom_of_colors\x64\debug\exercise01.exe
c:\users\flori\desktop\ar\exercise_01\kingdom_of_colors\x64\debug\exercise01.pdb
c:\users\flori\desktop\ar\exercise_01\kingdom_of_colors\ar_t1\x64\debug\exercise01.tlog\cl.command.1.tlog
c:\users\flori\desktop\ar\exercise_01\kingdom_of_colors\ar_t1\x64\debug\exercise01.tlog\cl.read.1.tlog
c:\users\flori\desktop\ar\exercise_01\kingdom_of_colors\ar_t1\x64\debug\exercise01.tlog\cl.write.1.tlog
c:\users\flori\desktop\ar\exercise_01\kingdom_of_colors\ar_t1\x64\debug\exercise01.tlog\link.command.1.tlog
c:\users\flori\desktop\ar\exercise_01\kingdom_of_colors\ar_t1\x64\debug\exercise01.tlog\link.read.1.tlog
c:\users\flori\desktop\ar\exercise_01\kingdom_of_colors\ar_t1\x64\debug\exercise01.tlog\link.write.1.tlog
